This is pdfTeX, Version 3.141592653-2.6-1.40.25 (TeX Live 2023) (preloaded format=pdflatex 2023.5.13)  17 MAY 2023 00:22
entering extended mode
 restricted \write18 enabled.
 file:line:error style messages enabled.
 %&-line parsing enabled.
**/home/nicklas/Desktop/NIR/latex/latex/acl2021.tex
(/home/nicklas/Desktop/NIR/latex/latex/acl2021.tex
LaTeX2e <2022-11-01> patch level 1
L3 programming layer <2023-05-11> (/opt/texlive/2023/texmf-dist/tex/latex/base/article.cls
Document Class: article 2022/07/02 v1.4n Standard LaTeX document class
(/opt/texlive/2023/texmf-dist/tex/latex/base/size11.clo
File: size11.clo 2022/07/02 v1.4n Standard LaTeX file (size option)
)
\c@part=\count185
\c@section=\count186
\c@subsection=\count187
\c@subsubsection=\count188
\c@paragraph=\count189
\c@subparagraph=\count190
\c@figure=\count191
\c@table=\count192
\abovecaptionskip=\skip48
\belowcaptionskip=\skip49
\bibindent=\dimen140
) (./acl2021.sty (/opt/texlive/2023/texmf-dist/tex/latex/hyperref/hyperref.sty
Package: hyperref 2023-04-22 v7.00x Hypertext links for LaTeX
 (/opt/texlive/2023/texmf-dist/tex/generic/ltxcmds/ltxcmds.sty
Package: ltxcmds 2020-05-10 v1.25 LaTeX kernel commands for general use (HO)
) (/opt/texlive/2023/texmf-dist/tex/generic/iftex/iftex.sty
Package: iftex 2022/02/03 v1.0f TeX engine tests
) (/opt/texlive/2023/texmf-dist/tex/generic/pdftexcmds/pdftexcmds.sty
Package: pdftexcmds 2020-06-27 v0.33 Utility functions of pdfTeX for LuaTeX (HO)
 (/opt/texlive/2023/texmf-dist/tex/generic/infwarerr/infwarerr.sty
Package: infwarerr 2019/12/03 v1.5 Providing info/warning/error messages (HO)
)
Package pdftexcmds Info: \pdf@primitive is available.
Package pdftexcmds Info: \pdf@ifprimitive is available.
Package pdftexcmds Info: \pdfdraftmode found.
) (/opt/texlive/2023/texmf-dist/tex/latex/graphics/keyval.sty
Package: keyval 2022/05/29 v1.15 key=value parser (DPC)
\KV@toks@=\toks16
) (/opt/texlive/2023/texmf-dist/tex/latex/kvsetkeys/kvsetkeys.sty
Package: kvsetkeys 2022-10-05 v1.19 Key value parser (HO)
) (/opt/texlive/2023/texmf-dist/tex/generic/kvdefinekeys/kvdefinekeys.sty
Package: kvdefinekeys 2019-12-19 v1.6 Define keys (HO)
) (/opt/texlive/2023/texmf-dist/tex/generic/pdfescape/pdfescape.sty
Package: pdfescape 2019/12/09 v1.15 Implements pdfTeX's escape features (HO)
) (/opt/texlive/2023/texmf-dist/tex/latex/hycolor/hycolor.sty
Package: hycolor 2020-01-27 v1.10 Color options for hyperref/bookmark (HO)
) (/opt/texlive/2023/texmf-dist/tex/latex/letltxmacro/letltxmacro.sty
Package: letltxmacro 2019/12/03 v1.6 Let assignment for LaTeX macros (HO)
) (/opt/texlive/2023/texmf-dist/tex/latex/auxhook/auxhook.sty
Package: auxhook 2019-12-17 v1.6 Hooks for auxiliary files (HO)
) (/opt/texlive/2023/texmf-dist/tex/latex/hyperref/nameref.sty
Package: nameref 2022-05-17 v2.50 Cross-referencing by name of section
 (/opt/texlive/2023/texmf-dist/tex/latex/refcount/refcount.sty
Package: refcount 2019/12/15 v3.6 Data extraction from label references (HO)
) (/opt/texlive/2023/texmf-dist/tex/generic/gettitlestring/gettitlestring.sty
Package: gettitlestring 2019/12/15 v1.6 Cleanup title references (HO)
 (/opt/texlive/2023/texmf-dist/tex/latex/kvoptions/kvoptions.sty
Package: kvoptions 2022-06-15 v3.15 Key value format for package options (HO)
))
\c@section@level=\count193
) (/opt/texlive/2023/texmf-dist/tex/latex/etoolbox/etoolbox.sty
Package: etoolbox 2020/10/05 v2.5k e-TeX tools for LaTeX (JAW)
\etb@tempcnta=\count194
)
\@linkdim=\dimen141
\Hy@linkcounter=\count195
\Hy@pagecounter=\count196
 (/opt/texlive/2023/texmf-dist/tex/latex/hyperref/pd1enc.def
File: pd1enc.def 2023-04-22 v7.00x Hyperref: PDFDocEncoding definition (HO)
Now handling font encoding PD1 ...
... no UTF-8 mapping file for font encoding PD1
) (/opt/texlive/2023/texmf-dist/tex/generic/intcalc/intcalc.sty
Package: intcalc 2019/12/15 v1.3 Expandable calculations with integers (HO)
)
\Hy@SavedSpaceFactor=\count197
 (/opt/texlive/2023/texmf-dist/tex/latex/hyperref/puenc.def
File: puenc.def 2023-04-22 v7.00x Hyperref: PDF Unicode definition (HO)
Now handling font encoding PU ...
... no UTF-8 mapping file for font encoding PU
)
Package hyperref Info: Hyper figures OFF on input line 4182.
Package hyperref Info: Link nesting OFF on input line 4187.
Package hyperref Info: Hyper index ON on input line 4190.
Package hyperref Info: Plain pages OFF on input line 4197.
Package hyperref Info: Backreferencing OFF on input line 4202.
Package hyperref Info: Implicit mode ON; LaTeX internals redefined.
Package hyperref Info: Bookmarks ON on input line 4449.
\c@Hy@tempcnt=\count198
 (/opt/texlive/2023/texmf-dist/tex/latex/url/url.sty
\Urlmuskip=\muskip16
Package: url 2013/09/16  ver 3.4  Verb mode for urls, etc.
)
LaTeX Info: Redefining \url on input line 4787.
\XeTeXLinkMargin=\dimen142
 (/opt/texlive/2023/texmf-dist/tex/generic/bitset/bitset.sty
Package: bitset 2019/12/09 v1.3 Handle bit-vector datatype (HO)
 (/opt/texlive/2023/texmf-dist/tex/generic/bigintcalc/bigintcalc.sty
Package: bigintcalc 2019/12/15 v1.5 Expandable calculations on big integers (HO)
))
\Fld@menulength=\count199
\Field@Width=\dimen143
\Fld@charsize=\dimen144
Package hyperref Info: Hyper figures OFF on input line 6066.
Package hyperref Info: Link nesting OFF on input line 6071.
Package hyperref Info: Hyper index ON on input line 6074.
Package hyperref Info: backreferencing OFF on input line 6081.
Package hyperref Info: Link coloring OFF on input line 6086.
Package hyperref Info: Link coloring with OCG OFF on input line 6091.
Package hyperref Info: PDF/A mode OFF on input line 6096.
 (/opt/texlive/2023/texmf-dist/tex/latex/base/atbegshi-ltx.sty
Package: atbegshi-ltx 2021/01/10 v1.0c Emulation of the original atbegshi
package with kernel methods
)
\Hy@abspage=\count266
\c@Item=\count267
\c@Hfootnote=\count268
)
Package hyperref Info: Driver (autodetected): hpdftex.
 (/opt/texlive/2023/texmf-dist/tex/latex/hyperref/hpdftex.def
File: hpdftex.def 2023-04-22 v7.00x Hyperref driver for pdfTeX
 (/opt/texlive/2023/texmf-dist/tex/latex/base/atveryend-ltx.sty
Package: atveryend-ltx 2020/08/19 v1.0a Emulation of the original atveryend package
with kernel methods
)
\Fld@listcount=\count269
\c@bookmark@seq@number=\count270
 (/opt/texlive/2023/texmf-dist/tex/latex/rerunfilecheck/rerunfilecheck.sty
Package: rerunfilecheck 2022-07-10 v1.10 Rerun checks for auxiliary files (HO)
 (/opt/texlive/2023/texmf-dist/tex/generic/uniquecounter/uniquecounter.sty
Package: uniquecounter 2019/12/15 v1.4 Provide unlimited unique counter (HO)
)
Package uniquecounter Info: New unique counter `rerunfilecheck' on input line 285.
)
\Hy@SectionHShift=\skip50
) (/opt/texlive/2023/texmf-dist/tex/latex/xcolor/xcolor.sty
Package: xcolor 2022/06/12 v2.14 LaTeX color extensions (UK)
 (/opt/texlive/2023/texmf-dist/tex/latex/graphics-cfg/color.cfg
File: color.cfg 2016/01/02 v1.6 sample color configuration
)
Package xcolor Info: Driver file: pdftex.def on input line 227.
 (/opt/texlive/2023/texmf-dist/tex/latex/graphics-def/pdftex.def
File: pdftex.def 2022/09/22 v1.2b Graphics/color driver for pdftex
) (/opt/texlive/2023/texmf-dist/tex/latex/graphics/mathcolor.ltx)
Package xcolor Info: Model `cmy' substituted by `cmy0' on input line 1353.
Package xcolor Info: Model `hsb' substituted by `rgb' on input line 1357.
Package xcolor Info: Model `RGB' extended on input line 1369.
Package xcolor Info: Model `HTML' substituted by `rgb' on input line 1371.
Package xcolor Info: Model `Hsb' substituted by `hsb' on input line 1372.
Package xcolor Info: Model `tHsb' substituted by `hsb' on input line 1373.
Package xcolor Info: Model `HSB' substituted by `hsb' on input line 1374.
Package xcolor Info: Model `Gray' substituted by `gray' on input line 1375.
Package xcolor Info: Model `wave' substituted by `hsb' on input line 1376.
)
Package hyperref Info: Option `colorlinks' set `true' on input line 106.

Conference Style for ACL-IJCNLP 2021
\titlebox=\skip51
\aclrulerbox=\box51
\aclrulercount=\count271
\aclruleroffset=\dimen145
\cv@lineheight=\dimen146
\cv@boxheight=\dimen147
\cv@tmpbox=\box52
\cv@refno=\count272
\cv@tot=\count273
\cv@tmpc@=\count274
\cv@tmpc=\count275
(/opt/texlive/2023/texmf-dist/tex/latex/caption/caption.sty
Package: caption 2023/03/12 v3.6j Customizing captions (AR)
 (/opt/texlive/2023/texmf-dist/tex/latex/caption/caption3.sty
Package: caption3 2023/03/12 v2.4 caption3 kernel (AR)
\caption@tempdima=\dimen148
\captionmargin=\dimen149
\caption@leftmargin=\dimen150
\caption@rightmargin=\dimen151
\caption@width=\dimen152
\caption@indent=\dimen153
\caption@parindent=\dimen154
\caption@hangindent=\dimen155
Package caption Info: Standard document class detected.
)
\c@caption@flags=\count276
\c@continuedfloat=\count277
Package caption Info: hyperref package is loaded.
) (/opt/texlive/2023/texmf-dist/tex/latex/natbib/natbib.sty
Package: natbib 2010/09/13 8.31b (PWD, AO)
\bibhang=\skip52
\bibsep=\skip53
LaTeX Info: Redefining \cite on input line 694.
\c@NAT@ctr=\count278
)) (/opt/texlive/2023/texmf-dist/tex/latex/psnfss/times.sty
Package: times 2020/03/25 PSNFSS-v9.3 (SPQR) 
) (/opt/texlive/2023/texmf-dist/tex/latex/base/latexsym.sty
Package: latexsym 1998/08/17 v2.2e Standard LaTeX package (lasy symbols)
\symlasy=\mathgroup4
LaTeX Font Info:    Overwriting symbol font `lasy' in version `bold'
(Font)                  U/lasy/m/n --> U/lasy/b/n on input line 52.
) (/opt/texlive/2023/texmf-dist/tex/latex/amsfonts/amssymb.sty
Package: amssymb 2013/01/14 v3.01 AMS font symbols
 (/opt/texlive/2023/texmf-dist/tex/latex/amsfonts/amsfonts.sty
Package: amsfonts 2013/01/14 v3.01 Basic AMSFonts support
\@emptytoks=\toks17
\symAMSa=\mathgroup5
\symAMSb=\mathgroup6
LaTeX Font Info:    Redeclaring math symbol \hbar on input line 98.
LaTeX Font Info:    Overwriting math alphabet `\mathfrak' in version `bold'
(Font)                  U/euf/m/n --> U/euf/b/n on input line 106.
)) (/opt/texlive/2023/texmf-dist/tex/latex/amsmath/amsmath.sty
Package: amsmath 2022/04/08 v2.17n AMS math features
\@mathmargin=\skip54

For additional information on amsmath, use the `?' option.
(/opt/texlive/2023/texmf-dist/tex/latex/amsmath/amstext.sty
Package: amstext 2021/08/26 v2.01 AMS text
 (/opt/texlive/2023/texmf-dist/tex/latex/amsmath/amsgen.sty
File: amsgen.sty 1999/11/30 v2.0 generic functions
\@emptytoks=\toks18
\ex@=\dimen156
)) (/opt/texlive/2023/texmf-dist/tex/latex/amsmath/amsbsy.sty
Package: amsbsy 1999/11/29 v1.2d Bold Symbols
\pmbraise@=\dimen157
) (/opt/texlive/2023/texmf-dist/tex/latex/amsmath/amsopn.sty
Package: amsopn 2022/04/08 v2.04 operator names
)
\inf@bad=\count279
LaTeX Info: Redefining \frac on input line 234.
\uproot@=\count280
\leftroot@=\count281
LaTeX Info: Redefining \overline on input line 399.
LaTeX Info: Redefining \colon on input line 410.
\classnum@=\count282
\DOTSCASE@=\count283
LaTeX Info: Redefining \ldots on input line 496.
LaTeX Info: Redefining \dots on input line 499.
LaTeX Info: Redefining \cdots on input line 620.
\Mathstrutbox@=\box53
\strutbox@=\box54
LaTeX Info: Redefining \big on input line 722.
LaTeX Info: Redefining \Big on input line 723.
LaTeX Info: Redefining \bigg on input line 724.
LaTeX Info: Redefining \Bigg on input line 725.
\big@size=\dimen158
LaTeX Font Info:    Redeclaring font encoding OML on input line 743.
LaTeX Font Info:    Redeclaring font encoding OMS on input line 744.
\macc@depth=\count284
LaTeX Info: Redefining \bmod on input line 905.
LaTeX Info: Redefining \pmod on input line 910.
LaTeX Info: Redefining \smash on input line 940.
LaTeX Info: Redefining \relbar on input line 970.
LaTeX Info: Redefining \Relbar on input line 971.
\c@MaxMatrixCols=\count285
\dotsspace@=\muskip17
\c@parentequation=\count286
\dspbrk@lvl=\count287
\tag@help=\toks19
\row@=\count288
\column@=\count289
\maxfields@=\count290
\andhelp@=\toks20
\eqnshift@=\dimen159
\alignsep@=\dimen160
\tagshift@=\dimen161
\tagwidth@=\dimen162
\totwidth@=\dimen163
\lineht@=\dimen164
\@envbody=\toks21
\multlinegap=\skip55
\multlinetaggap=\skip56
\mathdisplay@stack=\toks22
LaTeX Info: Redefining \[ on input line 2953.
LaTeX Info: Redefining \] on input line 2954.
) (/opt/texlive/2023/texmf-dist/tex/latex/graphics/graphicx.sty
Package: graphicx 2021/09/16 v1.2d Enhanced LaTeX Graphics (DPC,SPQR)
 (/opt/texlive/2023/texmf-dist/tex/latex/graphics/graphics.sty
Package: graphics 2022/03/10 v1.4e Standard LaTeX Graphics (DPC,SPQR)
 (/opt/texlive/2023/texmf-dist/tex/latex/graphics/trig.sty
Package: trig 2021/08/11 v1.11 sin cos tan (DPC)
) (/opt/texlive/2023/texmf-dist/tex/latex/graphics-cfg/graphics.cfg
File: graphics.cfg 2016/06/04 v1.11 sample graphics configuration
)
Package graphics Info: Driver file: pdftex.def on input line 107.
)
\Gin@req@height=\dimen165
\Gin@req@width=\dimen166
) (/opt/texlive/2023/texmf-dist/tex/latex/microtype/microtype.sty
Package: microtype 2023/03/13 v3.1a Micro-typographical refinements (RS)
\MT@toks=\toks23
\MT@tempbox=\box55
\MT@count=\count291
LaTeX Info: Redefining \noprotrusionifhmode on input line 1059.
LaTeX Info: Redefining \leftprotrusion on input line 1060.
\MT@prot@toks=\toks24
LaTeX Info: Redefining \rightprotrusion on input line 1078.
LaTeX Info: Redefining \textls on input line 1368.
\MT@outer@kern=\dimen167
LaTeX Info: Redefining \textmicrotypecontext on input line 1988.
\MT@listname@count=\count292
 (/opt/texlive/2023/texmf-dist/tex/latex/microtype/microtype-pdftex.def
File: microtype-pdftex.def 2023/03/13 v3.1a Definitions specific to pdftex (RS)
LaTeX Info: Redefining \lsstyle on input line 902.
LaTeX Info: Redefining \lslig on input line 902.
\MT@outer@space=\skip57
)
Package microtype Info: Loading configuration file microtype.cfg.
 (/opt/texlive/2023/texmf-dist/tex/latex/microtype/microtype.cfg
File: microtype.cfg 2023/03/13 v3.1a microtype main configuration file (RS)
)) (/opt/texlive/2023/texmf-dist/tex/latex/csvsimple/csvsimple.sty (/opt/texlive/2023/texmf-dist/tex/latex/l3packages/l3keys2e/l3keys2e.sty (/opt/texlive/2023/texmf-dist/tex/latex/l3kernel/expl3.sty
Package: expl3 2023-05-11 L3 programming layer (loader) 
 (/opt/texlive/2023/texmf-dist/tex/latex/l3backend/l3backend-pdftex.def
File: l3backend-pdftex.def 2023-04-19 L3 backend support: PDF output (pdfTeX)
\l__color_backend_stack_int=\count293
\l__pdf_internal_box=\box56
))
Package: l3keys2e 2023-02-02 LaTeX2e option processing using LaTeX3 keys
)
Package: csvsimple 2023/05/09 v2.4.0 LaTeX CSV file processing
) (/opt/texlive/2023/texmf-dist/tex/latex/csvsimple/csvsimple-legacy.sty
Package: csvsimple-legacy 2023/05/09 version 2.4.0 LaTeX2e CSV file processing
 (/opt/texlive/2023/texmf-dist/tex/latex/pgf/utilities/pgfrcs.sty (/opt/texlive/2023/texmf-dist/tex/generic/pgf/utilities/pgfutil-common.tex
\pgfutil@everybye=\toks25
\pgfutil@tempdima=\dimen168
\pgfutil@tempdimb=\dimen169
) (/opt/texlive/2023/texmf-dist/tex/generic/pgf/utilities/pgfutil-latex.def
\pgfutil@abb=\box57
) (/opt/texlive/2023/texmf-dist/tex/generic/pgf/utilities/pgfrcs.code.tex (/opt/texlive/2023/texmf-dist/tex/generic/pgf/pgf.revision.tex)
Package: pgfrcs 2023-01-15 v3.1.10 (3.1.10)
)) (/opt/texlive/2023/texmf-dist/tex/latex/pgf/utilities/pgfkeys.sty (/opt/texlive/2023/texmf-dist/tex/generic/pgf/utilities/pgfkeys.code.tex
\pgfkeys@pathtoks=\toks26
\pgfkeys@temptoks=\toks27
 (/opt/texlive/2023/texmf-dist/tex/generic/pgf/utilities/pgfkeyslibraryfiltered.code.tex
\pgfkeys@tmptoks=\toks28
))) (/opt/texlive/2023/texmf-dist/tex/latex/base/ifthen.sty
Package: ifthen 2022/04/13 v1.1d Standard LaTeX ifthen package (DPC)
) (/opt/texlive/2023/texmf-dist/tex/latex/tools/shellesc.sty
Package: shellesc 2019/11/08 v1.0c unified shell escape interface for LaTeX
Package shellesc Info: Restricted shell escape enabled on input line 77.
)
\csv@file=\read2
\c@csvinputline=\count294
\c@csvrow=\count295
\c@csvcol=\count296
\csv@out=\write3
) (/opt/texlive/2023/texmf-dist/tex/latex/booktabs/booktabs.sty
Package: booktabs 2020/01/12 v1.61803398 Publication quality tables
\heavyrulewidth=\dimen170
\lightrulewidth=\dimen171
\cmidrulewidth=\dimen172
\belowrulesep=\dimen173
\belowbottomsep=\dimen174
\aboverulesep=\dimen175
\abovetopsep=\dimen176
\cmidrulesep=\dimen177
\cmidrulekern=\dimen178
\defaultaddspace=\dimen179
\@cmidla=\count297
\@cmidlb=\count298
\@aboverulesep=\dimen180
\@belowrulesep=\dimen181
\@thisruleclass=\count299
\@lastruleclass=\count300
\@thisrulewidth=\dimen182
) (/opt/texlive/2023/texmf-dist/tex/latex/siunitx/siunitx.sty
Package: siunitx 2023-04-13 v3.2.5 A comprehensive (SI) units package
\l__siunitx_angle_tmp_dim=\dimen183
\l__siunitx_angle_marker_box=\box58
\l__siunitx_angle_unit_box=\box59
\l__siunitx_compound_count_int=\count301
 (/opt/texlive/2023/texmf-dist/tex/latex/translations/translations.sty
Package: translations 2022/02/05 v1.12 internationalization of LaTeX2e packages (CN)
)
\l__siunitx_number_exponent_fixed_int=\count302
\l__siunitx_number_min_decimal_int=\count303
\l__siunitx_number_min_integer_int=\count304
\l__siunitx_number_round_precision_int=\count305
\l__siunitx_number_lower_threshold_int=\count306
\l__siunitx_number_upper_threshold_int=\count307
\l__siunitx_number_group_first_int=\count308
\l__siunitx_number_group_size_int=\count309
\l__siunitx_number_group_minimum_int=\count310
\l__siunitx_table_tmp_box=\box60
\l__siunitx_table_tmp_dim=\dimen184
\l__siunitx_table_column_width_dim=\dimen185
\l__siunitx_table_integer_box=\box61
\l__siunitx_table_decimal_box=\box62
\l__siunitx_table_uncert_box=\box63
\l__siunitx_table_before_box=\box64
\l__siunitx_table_after_box=\box65
\l__siunitx_table_before_dim=\dimen186
\l__siunitx_table_carry_dim=\dimen187
\l__siunitx_unit_tmp_int=\count311
\l__siunitx_unit_position_int=\count312
\l__siunitx_unit_total_int=\count313
 (/opt/texlive/2023/texmf-dist/tex/latex/tools/array.sty
Package: array 2022/09/04 v2.5g Tabular extension package (FMi)
\col@sep=\dimen188
\ar@mcellbox=\box66
\extrarowheight=\dimen189
\NC@list=\toks29
\extratabsurround=\skip58
\backup@length=\skip59
\ar@cellbox=\box67
)) (/opt/texlive/2023/texmf-dist/tex/latex/tools/tabularx.sty
Package: tabularx 2020/01/15 v2.11c `tabularx' package (DPC)
\TX@col@width=\dimen190
\TX@old@table=\dimen191
\TX@old@col=\dimen192
\TX@target=\dimen193
\TX@delta=\dimen194
\TX@cols=\count314
\TX@ftn=\toks30
) (/opt/texlive/2023/texmf-dist/tex/latex/caption/subcaption.sty
Package: subcaption 2023/02/19 v1.6 Sub-captions (AR)
Package caption Info: New subtype `subfigure' on input line 239.
\c@subfigure=\count315
Package caption Info: New subtype `subtable' on input line 239.
\c@subtable=\count316
) (/opt/texlive/2023/texmf-dist/tex/latex/tabulary/tabulary.sty
Package: tabulary 2014/06/11 v0.10 tabulary package (DPC)
\TY@count=\count317
\TY@linewidth=\dimen195
\tymin=\dimen196
\tymax=\dimen197
\TY@tablewidth=\dimen198
) (/opt/texlive/2023/texmf-dist/tex/latex/geometry/geometry.sty
Package: geometry 2020/01/02 v5.9 Page Geometry
 (/opt/texlive/2023/texmf-dist/tex/generic/iftex/ifvtex.sty
Package: ifvtex 2019/10/25 v1.7 ifvtex legacy package. Use iftex instead.
)
\Gm@cnth=\count318
\Gm@cntv=\count319
\c@Gm@tempcnt=\count320
\Gm@bindingoffset=\dimen199
\Gm@wd@mp=\dimen256
\Gm@odd@mp=\dimen257
\Gm@even@mp=\dimen258
\Gm@layoutwidth=\dimen259
\Gm@layoutheight=\dimen260
\Gm@layouthoffset=\dimen261
\Gm@layoutvoffset=\dimen262
\Gm@dimlist=\toks31
)
Package translations Info: No language package found. I am going to use `english' as default language. on input line 48.
LaTeX Font Info:    Trying to load font information for OT1+ptm on input line 48.
 (/opt/texlive/2023/texmf-dist/tex/latex/psnfss/ot1ptm.fd
File: ot1ptm.fd 2001/06/04 font definitions for OT1/ptm.
) (./acl2021.aux

LaTeX Warning: Label `tab:statistics' multiply defined.

)
\openout1 = `acl2021.aux'.

LaTeX Font Info:    Checking defaults for OML/cmm/m/it on input line 48.
LaTeX Font Info:    ... okay on input line 48.
LaTeX Font Info:    Checking defaults for OMS/cmsy/m/n on input line 48.
LaTeX Font Info:    ... okay on input line 48.
LaTeX Font Info:    Checking defaults for OT1/cmr/m/n on input line 48.
LaTeX Font Info:    ... okay on input line 48.
LaTeX Font Info:    Checking defaults for T1/cmr/m/n on input line 48.
LaTeX Font Info:    ... okay on input line 48.
LaTeX Font Info:    Checking defaults for TS1/cmr/m/n on input line 48.
LaTeX Font Info:    ... okay on input line 48.
LaTeX Font Info:    Checking defaults for OMX/cmex/m/n on input line 48.
LaTeX Font Info:    ... okay on input line 48.
LaTeX Font Info:    Checking defaults for U/cmr/m/n on input line 48.
LaTeX Font Info:    ... okay on input line 48.
LaTeX Font Info:    Checking defaults for PD1/pdf/m/n on input line 48.
LaTeX Font Info:    ... okay on input line 48.
LaTeX Font Info:    Checking defaults for PU/pdf/m/n on input line 48.
LaTeX Font Info:    ... okay on input line 48.
Package hyperref Info: Link coloring ON on input line 48.
 (./acl2021.out) (./acl2021.out)
\@outlinefile=\write4
\openout4 = `acl2021.out'.

 (/opt/texlive/2023/texmf-dist/tex/context/base/mkii/supp-pdf.mkii
[Loading MPS to PDF converter (version 2006.09.02).]
\scratchcounter=\count321
\scratchdimen=\dimen263
\scratchbox=\box68
\nofMPsegments=\count322
\nofMParguments=\count323
\everyMPshowfont=\toks32
\MPscratchCnt=\count324
\MPscratchDim=\dimen264
\MPnumerator=\count325
\makeMPintoPDFobject=\count326
\everyMPtoPDFconversion=\toks33
) (/opt/texlive/2023/texmf-dist/tex/latex/epstopdf-pkg/epstopdf-base.sty
Package: epstopdf-base 2020-01-24 v2.11 Base part for package epstopdf
Package epstopdf-base Info: Redefining graphics rule for `.eps' on input line 485.
 (/opt/texlive/2023/texmf-dist/tex/latex/latexconfig/epstopdf-sys.cfg
File: epstopdf-sys.cfg 2010/07/13 v1.3 Configuration of (r)epstopdf for TeX Live
)) ABD: EveryShipout initializing macros
Package caption Info: Begin \AtBeginDocument code.
Package caption Info: End \AtBeginDocument code.
LaTeX Info: Redefining \microtypecontext on input line 48.
Package microtype Info: Applying patch `item' on input line 48.
Package microtype Info: Applying patch `toc' on input line 48.
Package microtype Info: Applying patch `eqnum' on input line 48.
Package microtype Info: Applying patch `footnote' on input line 48.
Package microtype Info: Applying patch `verbatim' on input line 48.
Package microtype Info: Generating PDF output.
Package microtype Info: Character protrusion enabled (level 2).
Package microtype Info: Using default protrusion set `alltext'.
Package microtype Info: Automatic font expansion enabled (level 2),
(microtype)             stretch: 20, shrink: 20, step: 1, non-selected.
Package microtype Info: Using default expansion set `alltext-nott'.
LaTeX Info: Redefining \showhyphens on input line 48.
Package microtype Info: No adjustment of tracking.
Package microtype Info: No adjustment of interword spacing.
Package microtype Info: No adjustment of character kerning.
 (/opt/texlive/2023/texmf-dist/tex/latex/microtype/mt-ptm.cfg
File: mt-ptm.cfg 2006/04/20 v1.7 microtype config. file: Times (RS)
) (/opt/texlive/2023/texmf-dist/tex/latex/translations/translations-basic-dictionary-english.trsl
File: translations-basic-dictionary-english.trsl (english translation file `translations-basic-dictionary')
)
Package translations Info: loading dictionary `translations-basic-dictionary' for `english'. on input line 48.

*geometry* driver: auto-detecting
*geometry* detected driver: pdftex
*geometry* verbose mode - [ preamble ] result:
* driver: pdftex
* paper: a4paper
* layout: <same size as paper>
* layoutoffset:(h,v)=(0.0pt,0.0pt)
* modes: 
* h-part:(L,W,R)=(56.9055pt, 483.69687pt, 56.9055pt)
* v-part:(T,H,B)=(56.9055pt, 731.23584pt, 56.9055pt)
* \paperwidth=597.50787pt
* \paperheight=845.04684pt
* \textwidth=483.69687pt
* \textheight=731.23584pt
* \oddsidemargin=-15.36449pt
* \evensidemargin=-15.36449pt
* \topmargin=-20.36449pt
* \headheight=5.0pt
* \headsep=0.0pt
* \topskip=11.0pt
* \footskip=30.0pt
* \marginparwidth=50.0pt
* \marginparsep=10.0pt
* \columnsep=17.07182pt
* \skip\footins=9.0pt plus 4.0pt minus 2.0pt
* \hoffset=0.0pt
* \voffset=0.0pt
* \mag=1000
* \@twocolumntrue
* \@twosidefalse
* \@mparswitchfalse
* \@reversemarginfalse
* (1in=72.27pt=25.4mm, 1cm=28.453pt)

(/opt/texlive/2023/texmf-dist/tex/latex/microtype/mt-cmr.cfg
File: mt-cmr.cfg 2013/05/19 v2.2 microtype config. file: Computer Modern Roman (RS)
)
LaTeX Font Info:    Trying to load font information for U+lasy on input line 49.
 (/opt/texlive/2023/texmf-dist/tex/latex/base/ulasy.fd
File: ulasy.fd 1998/08/17 v2.2e LaTeX symbol font definitions
)
LaTeX Font Info:    Trying to load font information for U+msa on input line 49.
 (/opt/texlive/2023/texmf-dist/tex/latex/amsfonts/umsa.fd
File: umsa.fd 2013/01/14 v3.01 AMS symbols A
) (/opt/texlive/2023/texmf-dist/tex/latex/microtype/mt-msa.cfg
File: mt-msa.cfg 2006/02/04 v1.1 microtype config. file: AMS symbols (a) (RS)
)
LaTeX Font Info:    Trying to load font information for U+msb on input line 49.
 (/opt/texlive/2023/texmf-dist/tex/latex/amsfonts/umsb.fd
File: umsb.fd 2013/01/14 v3.01 AMS symbols B
) (/opt/texlive/2023/texmf-dist/tex/latex/microtype/mt-msb.cfg
File: mt-msb.cfg 2005/06/01 v1.0 microtype config. file: AMS symbols (b) (RS)
)
LaTeX Font Info:    Trying to load font information for OT1+pcr on input line 49.
 (/opt/texlive/2023/texmf-dist/tex/latex/psnfss/ot1pcr.fd
File: ot1pcr.fd 2001/06/04 font definitions for OT1/pcr.
)
Package microtype Info: Loading generic protrusion settings for font family
(microtype)             `pcr' (encoding: OT1).
(microtype)             For optimal results, create family-specific settings.
(microtype)             See the microtype manual for details.
<media/doc_lengths_histogram_log_x.png, id=4, 244.5135pt x 178.5069pt>
File: media/doc_lengths_histogram_log_x.png Graphic file (type png)
<use media/doc_lengths_histogram_log_x.png>
Package pdftex.def Info: media/doc_lengths_histogram_log_x.png  used on input line 132.
(pdftex.def)             Requested size: 217.66211pt x 158.91147pt.
<media/query_lengths_histogram.png, id=6, 244.5135pt x 178.5069pt>
File: media/query_lengths_histogram.png Graphic file (type png)
<use media/query_lengths_histogram.png>
Package pdftex.def Info: media/query_lengths_histogram.png  used on input line 137.
(pdftex.def)             Requested size: 217.66211pt x 158.91147pt.
<media/doc_lengths_boxplot_log_y.png, id=7, 233.4321pt x 153.2124pt>
File: media/doc_lengths_boxplot_log_y.png Graphic file (type png)
<use media/doc_lengths_boxplot_log_y.png>
Package pdftex.def Info: media/doc_lengths_boxplot_log_y.png  used on input line 147.
(pdftex.def)             Requested size: 217.66211pt x 142.8671pt.
<media/query_lengths_boxplot.png, id=8, 229.5777pt x 155.6214pt>
File: media/query_lengths_boxplot.png Graphic file (type png)
<use media/query_lengths_boxplot.png>
Package pdftex.def Info: media/query_lengths_boxplot.png  used on input line 152.
(pdftex.def)             Requested size: 217.66211pt x 147.55214pt.
 [1{/opt/texlive/2023/texmf-var/fonts/map/pdftex/updmap/pdftex.map}{/opt/texlive/2023/texmf-dist/fonts/enc/dvips/base/8r.enc}



]

LaTeX Warning: Reference `tab:mytable' on page 2 undefined on input line 186.

[2 <./media/doc_lengths_histogram_log_x.png> <./media/query_lengths_histogram.png> <./media/doc_lengths_boxplot_log_y.png> <./media/query_lengths_boxplot.png>]
Overfull \hbox (9.80554pt too wide) in paragraph at lines 288--288
[]\OT1/ptm/b/n/10.95 (-20) Model|  
 []


Overfull \hbox (10.60532pt too wide) in paragraph at lines 288--288
 []\OT1/ptm/b/n/10.95 (-20) NDCG| 
 []


Overfull \hbox (8.60242pt too wide) in paragraph at lines 288--288
 []\OT1/ptm/b/n/10.95 (-20) MRR| 
 []


Overfull \hbox (5.86249pt too wide) in paragraph at lines 288--288
 []\OT1/ptm/b/n/10.95 (-20) P@5| 
 []


Overfull \hbox (9.1536pt too wide) in paragraph at lines 288--288
 []\OT1/ptm/b/n/10.95 (-20) P@10| 
 []


Overfull \hbox (9.1536pt too wide) in paragraph at lines 288--288
 []\OT1/ptm/b/n/10.95 (-20) P@20| 
 []


Overfull \hbox (2.24292pt too wide) in paragraph at lines 288--288
 \OT1/ptm/b/n/10.95 (-20) call@5| 
 []


Overfull \hbox (4.04411pt too wide) in paragraph at lines 288--288
 \OT1/ptm/b/n/10.95 (-20) call@10| 
 []


Overfull \hbox (5.04118pt too wide) in paragraph at lines 288--288
[]\OT1/ptm/m/n/10.95 (-20) bm25|  
 []


Overfull \hbox (3.1582pt too wide) in paragraph at lines 288--288
 []\OT1/ptm/m/n/10.95 (-20) 0.019| 
 []


Overfull \hbox (7.12166pt too wide) in paragraph at lines 288--288
 []\OT1/ptm/m/n/10.95 (-20) 0.006| 
 []


Overfull \hbox (8.10535pt too wide) in paragraph at lines 288--288
 []\OT1/ptm/m/n/10.95 (-20) 0.004| 
 []


Overfull \hbox (6.03096pt too wide) in paragraph at lines 288--288
 []\OT1/ptm/m/n/10.95 (-20) 0.002| 
 []


Overfull \hbox (6.03096pt too wide) in paragraph at lines 288--288
 []\OT1/ptm/m/n/10.95 (-20) 0.032| 
 []


Overfull \hbox (3.1582pt too wide) in paragraph at lines 288--288
 []\OT1/ptm/m/n/10.95 (-20) 0.019| 
 []


Overfull \hbox (7.12166pt too wide) in paragraph at lines 288--288
 []\OT1/ptm/m/n/10.95 (-20) 0.006| 
 []


Overfull \hbox (8.10535pt too wide) in paragraph at lines 288--288
 []\OT1/ptm/m/n/10.95 (-20) 0.004| 
 []


Overfull \hbox (6.03096pt too wide) in paragraph at lines 288--288
 []\OT1/ptm/m/n/10.95 (-20) 0.002| 
 []


Overfull \hbox (6.03096pt too wide) in paragraph at lines 288--288
 []\OT1/ptm/m/n/10.95 (-20) 0.030| 
 []


Overfull \hbox (5.04118pt too wide) in paragraph at lines 288--288
[]\OT1/ptm/m/n/10.95 (-20) bm25|  
 []


Overfull \hbox (3.1582pt too wide) in paragraph at lines 288--288
 []\OT1/ptm/m/n/10.95 (-20) 0.020| 
 []


Overfull \hbox (7.12166pt too wide) in paragraph at lines 288--288
 []\OT1/ptm/m/n/10.95 (-20) 0.006| 
 []


Overfull \hbox (8.10535pt too wide) in paragraph at lines 288--288
 []\OT1/ptm/m/n/10.95 (-20) 0.004| 
 []


Overfull \hbox (6.03096pt too wide) in paragraph at lines 288--288
 []\OT1/ptm/m/n/10.95 (-20) 0.002| 
 []


Overfull \hbox (6.03096pt too wide) in paragraph at lines 288--288
 []\OT1/ptm/m/n/10.95 (-20) 0.032| 
 []


Overfull \hbox (3.1582pt too wide) in paragraph at lines 288--288
 []\OT1/ptm/m/n/10.95 (-20) 0.020| 
 []


Overfull \hbox (7.12166pt too wide) in paragraph at lines 288--288
 []\OT1/ptm/m/n/10.95 (-20) 0.006| 
 []


Overfull \hbox (8.10535pt too wide) in paragraph at lines 288--288
 []\OT1/ptm/m/n/10.95 (-20) 0.004| 
 []


Overfull \hbox (6.03096pt too wide) in paragraph at lines 288--288
 []\OT1/ptm/m/n/10.95 (-20) 0.002| 
 []


Overfull \hbox (6.03096pt too wide) in paragraph at lines 288--288
 []\OT1/ptm/m/n/10.95 (-20) 0.031| 
 []


Overfull \hbox (5.04118pt too wide) in paragraph at lines 288--288
[]\OT1/ptm/m/n/10.95 (-20) bm25|  
 []


Overfull \hbox (3.1582pt too wide) in paragraph at lines 288--288
 []\OT1/ptm/m/n/10.95 (-20) 0.043| 
 []


Overfull \hbox (7.12166pt too wide) in paragraph at lines 288--288
 []\OT1/ptm/m/n/10.95 (-20) 0.014| 
 []


Overfull \hbox (8.10535pt too wide) in paragraph at lines 288--288
 []\OT1/ptm/m/n/10.95 (-20) 0.009| 
 []


Overfull \hbox (6.03096pt too wide) in paragraph at lines 288--288
 []\OT1/ptm/m/n/10.95 (-20) 0.004| 
 []


Overfull \hbox (6.03096pt too wide) in paragraph at lines 288--288
 []\OT1/ptm/m/n/10.95 (-20) 0.069| 
 []


Overfull \hbox (3.1582pt too wide) in paragraph at lines 288--288
 []\OT1/ptm/m/n/10.95 (-20) 0.042| 
 []


Overfull \hbox (7.12166pt too wide) in paragraph at lines 288--288
 []\OT1/ptm/m/n/10.95 (-20) 0.013| 
 []


Overfull \hbox (8.10535pt too wide) in paragraph at lines 288--288
 []\OT1/ptm/m/n/10.95 (-20) 0.009| 
 []


Overfull \hbox (6.03096pt too wide) in paragraph at lines 288--288
 []\OT1/ptm/m/n/10.95 (-20) 0.004| 
 []


Overfull \hbox (6.03096pt too wide) in paragraph at lines 288--288
 []\OT1/ptm/m/n/10.95 (-20) 0.067| 
 []


Overfull \hbox (5.04118pt too wide) in paragraph at lines 288--288
[]\OT1/ptm/m/n/10.95 (-20) bm25|  
 []


Overfull \hbox (3.1582pt too wide) in paragraph at lines 288--288
 []\OT1/ptm/m/n/10.95 (-20) 0.037| 
 []


Overfull \hbox (7.12166pt too wide) in paragraph at lines 288--288
 []\OT1/ptm/m/n/10.95 (-20) 0.012| 
 []


Overfull \hbox (8.10535pt too wide) in paragraph at lines 288--288
 []\OT1/ptm/m/n/10.95 (-20) 0.008| 
 []


Overfull \hbox (6.03096pt too wide) in paragraph at lines 288--288
 []\OT1/ptm/m/n/10.95 (-20) 0.004| 
 []


Overfull \hbox (6.03096pt too wide) in paragraph at lines 288--288
 []\OT1/ptm/m/n/10.95 (-20) 0.060| 
 []


Overfull \hbox (3.1582pt too wide) in paragraph at lines 288--288
 []\OT1/ptm/m/n/10.95 (-20) 0.040| 
 []


Overfull \hbox (7.12166pt too wide) in paragraph at lines 288--288
 []\OT1/ptm/m/n/10.95 (-20) 0.013| 
 []


Overfull \hbox (8.10535pt too wide) in paragraph at lines 288--288
 []\OT1/ptm/m/n/10.95 (-20) 0.008| 
 []


Overfull \hbox (6.03096pt too wide) in paragraph at lines 288--288
 []\OT1/ptm/m/n/10.95 (-20) 0.004| 
 []


Overfull \hbox (6.03096pt too wide) in paragraph at lines 288--288
 []\OT1/ptm/m/n/10.95 (-20) 0.065| 
 []

[3] [4

] (./acl2021.aux)

LaTeX Warning: There were undefined references.


LaTeX Warning: There were multiply-defined labels.

Package rerunfilecheck Info: File `acl2021.out' has not changed.
(rerunfilecheck)             Checksum: D41D8CD98F00B204E9800998ECF8427E;0.
 )
(\end occurred when \ifx on line 4 was incomplete) 
Here is how much of TeX's memory you used:
 20080 strings out of 476047
 387423 string characters out of 5764102
 1878999 words of memory out of 5000000
 40075 multiletter control sequences out of 15000+600000
 536123 words of font info for 170 fonts, out of 8000000 for 9000
 1141 hyphenation exceptions out of 8191
 90i,10n,90p,1042b,899s stack positions out of 10000i,1000n,20000p,200000b,200000s
</opt/texlive/2023/texmf-dist/fonts/type1/urw/courier/ucrr8a.pfb></opt/texlive/2023/texmf-dist/fonts/type1/urw/times/utmb8a.pfb></opt/texlive/2023/texmf-dist/fonts/type1/urw/times/utmr8a.pfb>
Output written on acl2021.pdf (4 pages, 112362 bytes).
PDF statistics:
 64 PDF objects out of 1000 (max. 8388607)
 43 compressed objects within 1 object stream
 14 named destinations out of 1000 (max. 500000)
 31253 words of extra memory for PDF output out of 35830 (max. 10000000)

